0 verbose cli /usr/local/bin/node /usr/local/bin/npm
1 info using npm@10.9.3
2 info using node@v22.20.0
3 silly config load:file:/usr/local/lib/node_modules/npm/npmrc
4 silly config load:file:/Users/user/Desktop/auth-api/.npmrc
5 silly config load:file:/Users/user/.npmrc
6 silly config load:file:/usr/local/etc/npmrc
7 verbose title npm install express bcryptjs jsonwebtoken dotenv
8 verbose argv "install" "express" "bcryptjs" "jsonwebtoken" "dotenv"
9 verbose logfile logs-max:10 dir:/Users/user/Desktop/auth-api/npm-cache/_logs/2025-11-28T11_50_59_662Z-
10 verbose logfile /Users/user/Desktop/auth-api/npm-cache/_logs/2025-11-28T11_50_59_662Z-debug-0.log
11 silly logfile done cleaning log files
12 silly packumentCache heap:2197815296 maxSize:549453824 maxEntrySize:274726912
13 silly idealTree buildDeps
14 silly fetch manifest bcryptjs@^3.0.3
15 silly packumentCache full:https://registry.npmjs.org/bcryptjs cache-miss
16 http cache https://registry.npmjs.org/bcryptjs 38ms (cache hit)
17 silly packumentCache full:https://registry.npmjs.org/bcryptjs set size:80409 disposed:false
18 silly fetch manifest dotenv@^17.2.3
19 silly packumentCache full:https://registry.npmjs.org/dotenv cache-miss
20 http cache https://registry.npmjs.org/dotenv 8ms (cache hit)
21 silly packumentCache full:https://registry.npmjs.org/dotenv set size:261324 disposed:false
22 silly fetch manifest express@^5.1.0
23 silly packumentCache full:https://registry.npmjs.org/express cache-miss
24 http cache https://registry.npmjs.org/express 17ms (cache hit)
25 silly packumentCache full:https://registry.npmjs.org/express set size:796355 disposed:false
26 silly fetch manifest jsonwebtoken@^9.0.2
27 silly packumentCache full:https://registry.npmjs.org/jsonwebtoken cache-miss
28 http cache https://registry.npmjs.org/jsonwebtoken 9ms (cache hit)
29 silly packumentCache full:https://registry.npmjs.org/jsonwebtoken set size:181365 disposed:false
30 silly placeDep ROOT bcryptjs@3.0.3 REPLACE for: auth-api@1.0.0 want: ^3.0.3
31 silly placeDep ROOT dotenv@17.2.3 REPLACE for: auth-api@1.0.0 want: ^17.2.3
32 silly placeDep ROOT express@5.1.0 REPLACE for: auth-api@1.0.0 want: ^5.1.0
33 silly placeDep ROOT jsonwebtoken@9.0.2 REPLACE for: auth-api@1.0.0 want: ^9.0.2
34 silly reify moves {}
35 silly audit bulk request {
35 silly audit   accepts: [ '2.0.0' ],
35 silly audit   'body-parser': [ '2.2.1' ],
35 silly audit   'buffer-equal-constant-time': [ '1.0.1' ],
35 silly audit   bytes: [ '3.1.2' ],
35 silly audit   'call-bind-apply-helpers': [ '1.0.2' ],
35 silly audit   'call-bound': [ '1.0.4' ],
35 silly audit   'content-disposition': [ '1.0.1' ],
35 silly audit   'content-type': [ '1.0.5' ],
35 silly audit   cookie: [ '0.7.2' ],
35 silly audit   'cookie-signature': [ '1.2.2' ],
35 silly audit   debug: [ '4.4.3' ],
35 silly audit   depd: [ '2.0.0' ],
35 silly audit   'dunder-proto': [ '1.0.1' ],
35 silly audit   'ecdsa-sig-formatter': [ '1.0.11' ],
35 silly audit   'ee-first': [ '1.1.1' ],
35 silly audit   encodeurl: [ '2.0.0' ],
35 silly audit   'es-define-property': [ '1.0.1' ],
35 silly audit   'es-errors': [ '1.3.0' ],
35 silly audit   'es-object-atoms': [ '1.1.1' ],
35 silly audit   'escape-html': [ '1.0.3' ],
35 silly audit   etag: [ '1.8.1' ],
35 silly audit   finalhandler: [ '2.1.0' ],
35 silly audit   forwarded: [ '0.2.0' ],
35 silly audit   fresh: [ '2.0.0' ],
35 silly audit   'function-bind': [ '1.1.2' ],
35 silly audit   'get-intrinsic': [ '1.3.0' ],
35 silly audit   'get-proto': [ '1.0.1' ],
35 silly audit   gopd: [ '1.2.0' ],
35 silly audit   'has-symbols': [ '1.1.0' ],
35 silly audit   hasown: [ '2.0.2' ],
35 silly audit   'http-errors': [ '2.0.1' ],
35 silly audit   'iconv-lite': [ '0.7.0' ],
35 silly audit   inherits: [ '2.0.4' ],
35 silly audit   'ipaddr.js': [ '1.9.1' ],
35 silly audit   'is-promise': [ '4.0.0' ],
35 silly audit   jwa: [ '1.4.2' ],
35 silly audit   jws: [ '3.2.2' ],
35 silly audit   'lodash.includes': [ '4.3.0' ],
35 silly audit   'lodash.isboolean': [ '3.0.3' ],
35 silly audit   'lodash.isinteger': [ '4.0.4' ],
35 silly audit   'lodash.isnumber': [ '3.0.3' ],
35 silly audit   'lodash.isplainobject': [ '4.0.6' ],
35 silly audit   'lodash.isstring': [ '4.0.1' ],
35 silly audit   'lodash.once': [ '4.1.1' ],
35 silly audit   'math-intrinsics': [ '1.1.0' ],
35 silly audit   'media-typer': [ '1.1.0' ],
35 silly audit   'merge-descriptors': [ '2.0.0' ],
35 silly audit   'mime-db': [ '1.54.0' ],
35 silly audit   'mime-types': [ '3.0.2' ],
35 silly audit   ms: [ '2.1.3' ],
35 silly audit   negotiator: [ '1.0.0' ],
35 silly audit   'object-inspect': [ '1.13.4' ],
35 silly audit   'on-finished': [ '2.4.1' ],
35 silly audit   once: [ '1.4.0' ],
35 silly audit   parseurl: [ '1.3.3' ],
35 silly audit   'path-to-regexp': [ '8.3.0' ],
35 silly audit   'proxy-addr': [ '2.0.7' ],
35 silly audit   qs: [ '6.14.0' ],
35 silly audit   'range-parser': [ '1.2.1' ],
35 silly audit   'raw-body': [ '3.0.2' ],
35 silly audit   router: [ '2.2.0' ],
35 silly audit   'safe-buffer': [ '5.2.1' ],
35 silly audit   'safer-buffer': [ '2.1.2' ],
35 silly audit   semver: [ '7.7.3' ],
35 silly audit   send: [ '1.2.0' ],
35 silly audit   'serve-static': [ '2.2.0' ],
35 silly audit   setprototypeof: [ '1.2.0' ],
35 silly audit   'side-channel': [ '1.1.0' ],
35 silly audit   'side-channel-list': [ '1.0.0' ],
35 silly audit   'side-channel-map': [ '1.0.1' ],
35 silly audit   'side-channel-weakmap': [ '1.0.2' ],
35 silly audit   statuses: [ '2.0.2' ],
35 silly audit   toidentifier: [ '1.0.1' ],
35 silly audit   'type-is': [ '2.0.1' ],
35 silly audit   unpipe: [ '1.0.0' ],
35 silly audit   vary: [ '1.1.2' ],
35 silly audit   wrappy: [ '1.0.2' ],
35 silly audit   bcryptjs: [ '3.0.3' ],
35 silly audit   dotenv: [ '17.2.3' ],
35 silly audit   express: [ '5.1.0' ],
35 silly audit   jsonwebtoken: [ '9.0.2' ]
35 silly audit }
36 http fetch POST 200 https://registry.npmjs.org/-/npm/v1/security/advisories/bulk 349ms
37 silly audit report {}
38 verbose cwd /Users/user/Desktop/auth-api
39 verbose os Darwin 24.6.0
40 verbose node v22.20.0
41 verbose npm  v10.9.3
42 verbose exit 0
43 info ok
