0 verbose cli /usr/local/bin/node /usr/local/bin/npm
1 info using npm@10.9.3
2 info using node@v22.20.0
3 silly config load:file:/usr/local/lib/node_modules/npm/npmrc
4 silly config load:file:/Users/user/Desktop/auth-api/.npmrc
5 silly config load:file:/Users/user/.npmrc
6 silly config load:file:/usr/local/etc/npmrc
7 verbose title npm install express bcryptjs jsonwebtoken dotenv
8 verbose argv "install" "express" "bcryptjs" "jsonwebtoken" "dotenv"
9 verbose logfile logs-max:10 dir:/Users/user/Desktop/auth-api/npm-cache/_logs/2025-11-28T11_50_45_830Z-
10 verbose logfile /Users/user/Desktop/auth-api/npm-cache/_logs/2025-11-28T11_50_45_830Z-debug-0.log
11 silly logfile done cleaning log files
12 silly packumentCache heap:2197815296 maxSize:549453824 maxEntrySize:274726912
13 silly idealTree buildDeps
14 silly fetch manifest express@*
15 silly packumentCache full:https://registry.npmjs.org/express cache-miss
16 http fetch GET 200 https://registry.npmjs.org/express 148ms (cache miss)
17 silly packumentCache full:https://registry.npmjs.org/express set size:undefined disposed:false
18 silly fetch manifest bcryptjs@*
19 silly packumentCache full:https://registry.npmjs.org/bcryptjs cache-miss
20 http fetch GET 200 https://registry.npmjs.org/bcryptjs 34ms (cache miss)
21 silly packumentCache full:https://registry.npmjs.org/bcryptjs set size:undefined disposed:false
22 silly fetch manifest jsonwebtoken@*
23 silly packumentCache full:https://registry.npmjs.org/jsonwebtoken cache-miss
24 http fetch GET 200 https://registry.npmjs.org/jsonwebtoken 34ms (cache miss)
25 silly packumentCache full:https://registry.npmjs.org/jsonwebtoken set size:undefined disposed:false
26 silly fetch manifest dotenv@*
27 silly packumentCache full:https://registry.npmjs.org/dotenv cache-miss
28 http fetch GET 200 https://registry.npmjs.org/dotenv 43ms (cache miss)
29 silly packumentCache full:https://registry.npmjs.org/dotenv set size:undefined disposed:false
30 silly placeDep ROOT bcryptjs@3.0.3 OK for: auth-api@1.0.0 want: *
31 silly placeDep ROOT dotenv@17.2.3 OK for: auth-api@1.0.0 want: *
32 silly placeDep ROOT express@5.1.0 OK for: auth-api@1.0.0 want: *
33 silly placeDep ROOT jsonwebtoken@9.0.2 OK for: auth-api@1.0.0 want: *
34 silly fetch manifest qs@^6.14.0
35 silly packumentCache full:https://registry.npmjs.org/qs cache-miss
36 silly fetch manifest etag@^1.8.1
37 silly packumentCache full:https://registry.npmjs.org/etag cache-miss
38 silly fetch manifest once@^1.4.0
39 silly packumentCache full:https://registry.npmjs.org/once cache-miss
40 silly fetch manifest send@^1.1.0
41 silly packumentCache full:https://registry.npmjs.org/send cache-miss
42 silly fetch manifest vary@^1.1.2
43 silly packumentCache full:https://registry.npmjs.org/vary cache-miss
44 silly fetch manifest debug@^4.4.0
45 silly packumentCache full:https://registry.npmjs.org/debug cache-miss
46 silly fetch manifest fresh@^2.0.0
47 silly packumentCache full:https://registry.npmjs.org/fresh cache-miss
48 http fetch GET 200 https://registry.npmjs.org/qs 52ms (cache miss)
49 silly packumentCache full:https://registry.npmjs.org/qs set size:undefined disposed:false
50 silly fetch manifest cookie@^0.7.1
51 silly packumentCache full:https://registry.npmjs.org/cookie cache-miss
52 http fetch GET 200 https://registry.npmjs.org/etag 60ms (cache miss)
53 silly packumentCache full:https://registry.npmjs.org/etag set size:undefined disposed:false
54 silly fetch manifest router@^2.2.0
55 silly packumentCache full:https://registry.npmjs.org/router cache-miss
56 http fetch GET 200 https://registry.npmjs.org/vary 83ms (cache miss)
57 silly packumentCache full:https://registry.npmjs.org/vary set size:undefined disposed:false
58 silly fetch manifest accepts@^2.0.0
59 silly packumentCache full:https://registry.npmjs.org/accepts cache-miss
60 http fetch GET 200 https://registry.npmjs.org/send 85ms (cache miss)
61 silly packumentCache full:https://registry.npmjs.org/send set size:undefined disposed:false
62 silly fetch manifest type-is@^2.0.1
63 silly packumentCache full:https://registry.npmjs.org/type-is cache-miss
64 http fetch GET 200 https://registry.npmjs.org/fresh 103ms (cache miss)
65 silly packumentCache full:https://registry.npmjs.org/fresh set size:undefined disposed:false
66 silly fetch manifest parseurl@^1.3.3
67 silly packumentCache full:https://registry.npmjs.org/parseurl cache-miss
68 http fetch GET 200 https://registry.npmjs.org/once 107ms (cache miss)
69 silly packumentCache full:https://registry.npmjs.org/once set size:undefined disposed:false
70 silly fetch manifest statuses@^2.0.1
71 silly packumentCache full:https://registry.npmjs.org/statuses cache-miss
72 http fetch GET 200 https://registry.npmjs.org/cookie 53ms (cache miss)
73 silly packumentCache full:https://registry.npmjs.org/cookie set size:undefined disposed:false
74 silly fetch manifest encodeurl@^2.0.0
75 silly packumentCache full:https://registry.npmjs.org/encodeurl cache-miss
76 http fetch GET 200 https://registry.npmjs.org/router 52ms (cache miss)
77 silly packumentCache full:https://registry.npmjs.org/router set size:undefined disposed:false
78 silly fetch manifest mime-types@^3.0.0
79 silly packumentCache full:https://registry.npmjs.org/mime-types cache-miss
80 http fetch GET 200 https://registry.npmjs.org/debug 117ms (cache miss)
81 silly packumentCache full:https://registry.npmjs.org/debug set size:undefined disposed:false
82 silly fetch manifest proxy-addr@^2.0.7
83 silly packumentCache full:https://registry.npmjs.org/proxy-addr cache-miss
84 http fetch GET 200 https://registry.npmjs.org/type-is 45ms (cache miss)
85 silly packumentCache full:https://registry.npmjs.org/type-is set size:undefined disposed:false
86 silly fetch manifest body-parser@^2.2.0
87 silly packumentCache full:https://registry.npmjs.org/body-parser cache-miss
88 http fetch GET 200 https://registry.npmjs.org/accepts 54ms (cache miss)
89 silly packumentCache full:https://registry.npmjs.org/accepts set size:undefined disposed:false
90 silly fetch manifest escape-html@^1.0.3
91 silly packumentCache full:https://registry.npmjs.org/escape-html cache-miss
92 http fetch GET 200 https://registry.npmjs.org/encodeurl 50ms (cache miss)
93 silly packumentCache full:https://registry.npmjs.org/encodeurl set size:undefined disposed:false
94 silly fetch manifest http-errors@^2.0.0
95 silly packumentCache full:https://registry.npmjs.org/http-errors cache-miss
96 http fetch GET 200 https://registry.npmjs.org/statuses 65ms (cache miss)
97 silly packumentCache full:https://registry.npmjs.org/statuses set size:undefined disposed:false
98 silly fetch manifest on-finished@^2.4.1
99 silly packumentCache full:https://registry.npmjs.org/on-finished cache-miss
100 http fetch GET 200 https://registry.npmjs.org/parseurl 77ms (cache miss)
101 silly packumentCache full:https://registry.npmjs.org/parseurl set size:undefined disposed:false
102 silly fetch manifest content-type@^1.0.5
103 silly packumentCache full:https://registry.npmjs.org/content-type cache-miss
104 http fetch GET 200 https://registry.npmjs.org/escape-html 42ms (cache miss)
105 silly packumentCache full:https://registry.npmjs.org/escape-html set size:undefined disposed:false
106 silly fetch manifest finalhandler@^2.1.0
107 silly packumentCache full:https://registry.npmjs.org/finalhandler cache-miss
108 http fetch GET 200 https://registry.npmjs.org/mime-types 80ms (cache miss)
109 silly packumentCache full:https://registry.npmjs.org/mime-types set size:undefined disposed:false
110 silly fetch manifest range-parser@^1.2.1
111 silly packumentCache full:https://registry.npmjs.org/range-parser cache-miss
112 http fetch GET 200 https://registry.npmjs.org/proxy-addr 74ms (cache miss)
113 silly packumentCache full:https://registry.npmjs.org/proxy-addr set size:undefined disposed:false
114 silly fetch manifest serve-static@^2.2.0
115 silly packumentCache full:https://registry.npmjs.org/serve-static cache-miss
116 http fetch GET 200 https://registry.npmjs.org/body-parser 65ms (cache miss)
117 silly packumentCache full:https://registry.npmjs.org/body-parser set size:undefined disposed:false
118 silly fetch manifest cookie-signature@^1.2.1
119 silly packumentCache full:https://registry.npmjs.org/cookie-signature cache-miss
120 http fetch GET 200 https://registry.npmjs.org/on-finished 42ms (cache miss)
121 silly packumentCache full:https://registry.npmjs.org/on-finished set size:undefined disposed:false
122 silly fetch manifest merge-descriptors@^2.0.0
123 silly packumentCache full:https://registry.npmjs.org/merge-descriptors cache-miss
124 http fetch GET 200 https://registry.npmjs.org/http-errors 57ms (cache miss)
125 silly packumentCache full:https://registry.npmjs.org/http-errors set size:undefined disposed:false
126 silly fetch manifest content-disposition@^1.0.0
127 silly packumentCache full:https://registry.npmjs.org/content-disposition cache-miss
128 http fetch GET 200 https://registry.npmjs.org/range-parser 61ms (cache miss)
129 silly packumentCache full:https://registry.npmjs.org/range-parser set size:undefined disposed:false
130 silly fetch manifest ms@^2.1.1
131 silly packumentCache full:https://registry.npmjs.org/ms cache-miss
132 http fetch GET 200 https://registry.npmjs.org/cookie-signature 55ms (cache miss)
133 silly packumentCache full:https://registry.npmjs.org/cookie-signature set size:undefined disposed:false
134 silly fetch manifest jws@^3.2.2
135 silly packumentCache full:https://registry.npmjs.org/jws cache-miss
136 http fetch GET 200 https://registry.npmjs.org/content-type 80ms (cache miss)
137 silly packumentCache full:https://registry.npmjs.org/content-type set size:undefined disposed:false
138 silly fetch manifest semver@^7.5.4
139 silly packumentCache full:https://registry.npmjs.org/semver cache-miss
140 http fetch GET 200 https://registry.npmjs.org/merge-descriptors 49ms (cache miss)
141 silly packumentCache full:https://registry.npmjs.org/merge-descriptors set size:undefined disposed:false
142 silly fetch manifest lodash.once@^4.0.0
143 silly packumentCache full:https://registry.npmjs.org/lodash.once cache-miss
144 http fetch GET 200 https://registry.npmjs.org/finalhandler 81ms (cache miss)
145 silly packumentCache full:https://registry.npmjs.org/finalhandler set size:undefined disposed:false
146 silly fetch manifest lodash.includes@^4.3.0
147 silly packumentCache full:https://registry.npmjs.org/lodash.includes cache-miss
148 http fetch GET 200 https://registry.npmjs.org/content-disposition 51ms (cache miss)
149 silly packumentCache full:https://registry.npmjs.org/content-disposition set size:undefined disposed:false
150 silly fetch manifest lodash.isnumber@^3.0.3
151 silly packumentCache full:https://registry.npmjs.org/lodash.isnumber cache-miss
152 http fetch GET 200 https://registry.npmjs.org/serve-static 76ms (cache miss)
153 silly packumentCache full:https://registry.npmjs.org/serve-static set size:undefined disposed:false
154 silly fetch manifest lodash.isstring@^4.0.1
155 silly packumentCache full:https://registry.npmjs.org/lodash.isstring cache-miss
156 http fetch GET 200 https://registry.npmjs.org/jws 34ms (cache miss)
157 silly packumentCache full:https://registry.npmjs.org/jws set size:undefined disposed:false
158 silly fetch manifest lodash.isboolean@^3.0.3
159 silly packumentCache full:https://registry.npmjs.org/lodash.isboolean cache-miss
160 http fetch GET 200 https://registry.npmjs.org/ms 49ms (cache miss)
161 silly packumentCache full:https://registry.npmjs.org/ms set size:undefined disposed:false
162 silly fetch manifest lodash.isinteger@^4.0.4
163 silly packumentCache full:https://registry.npmjs.org/lodash.isinteger cache-miss
164 http fetch GET 200 https://registry.npmjs.org/lodash.once 50ms (cache miss)
165 silly packumentCache full:https://registry.npmjs.org/lodash.once set size:undefined disposed:false
166 silly fetch manifest lodash.isplainobject@^4.0.6
167 silly packumentCache full:https://registry.npmjs.org/lodash.isplainobject cache-miss
168 http fetch GET 200 https://registry.npmjs.org/lodash.isnumber 47ms (cache miss)
169 silly packumentCache full:https://registry.npmjs.org/lodash.isnumber set size:undefined disposed:false
170 http fetch GET 200 https://registry.npmjs.org/lodash.includes 50ms (cache miss)
171 silly packumentCache full:https://registry.npmjs.org/lodash.includes set size:undefined disposed:false
172 http fetch GET 200 https://registry.npmjs.org/lodash.isstring 42ms (cache miss)
173 silly packumentCache full:https://registry.npmjs.org/lodash.isstring set size:undefined disposed:false
174 http fetch GET 200 https://registry.npmjs.org/semver 60ms (cache miss)
175 silly packumentCache full:https://registry.npmjs.org/semver set size:undefined disposed:false
176 http fetch GET 200 https://registry.npmjs.org/lodash.isinteger 36ms (cache miss)
177 silly packumentCache full:https://registry.npmjs.org/lodash.isinteger set size:undefined disposed:false
178 http fetch GET 200 https://registry.npmjs.org/lodash.isplainobject 35ms (cache miss)
179 silly packumentCache full:https://registry.npmjs.org/lodash.isplainobject set size:undefined disposed:false
180 http fetch GET 200 https://registry.npmjs.org/lodash.isboolean 56ms (cache miss)
181 silly packumentCache full:https://registry.npmjs.org/lodash.isboolean set size:undefined disposed:false
182 silly placeDep ROOT accepts@2.0.0 OK for: express@5.1.0 want: ^2.0.0
183 silly placeDep ROOT body-parser@2.2.1 OK for: express@5.1.0 want: ^2.2.0
184 silly placeDep ROOT content-disposition@1.0.1 OK for: express@5.1.0 want: ^1.0.0
185 silly placeDep ROOT content-type@1.0.5 OK for: express@5.1.0 want: ^1.0.5
186 silly placeDep ROOT cookie@0.7.2 OK for: express@5.1.0 want: ^0.7.1
187 silly placeDep ROOT cookie-signature@1.2.2 OK for: express@5.1.0 want: ^1.2.1
188 silly placeDep ROOT debug@4.4.3 OK for: express@5.1.0 want: ^4.4.0
189 silly placeDep ROOT encodeurl@2.0.0 OK for: express@5.1.0 want: ^2.0.0
190 silly placeDep ROOT escape-html@1.0.3 OK for: express@5.1.0 want: ^1.0.3
191 silly placeDep ROOT etag@1.8.1 OK for: express@5.1.0 want: ^1.8.1
192 silly placeDep ROOT finalhandler@2.1.0 OK for: express@5.1.0 want: ^2.1.0
193 silly placeDep ROOT fresh@2.0.0 OK for: express@5.1.0 want: ^2.0.0
194 silly placeDep ROOT http-errors@2.0.1 OK for: express@5.1.0 want: ^2.0.0
195 silly placeDep ROOT merge-descriptors@2.0.0 OK for: express@5.1.0 want: ^2.0.0
196 silly placeDep ROOT mime-types@3.0.2 OK for: express@5.1.0 want: ^3.0.0
197 silly placeDep ROOT on-finished@2.4.1 OK for: express@5.1.0 want: ^2.4.1
198 silly placeDep ROOT once@1.4.0 OK for: express@5.1.0 want: ^1.4.0
199 silly placeDep ROOT parseurl@1.3.3 OK for: express@5.1.0 want: ^1.3.3
200 silly placeDep ROOT proxy-addr@2.0.7 OK for: express@5.1.0 want: ^2.0.7
201 silly placeDep ROOT qs@6.14.0 OK for: express@5.1.0 want: ^6.14.0
202 silly placeDep ROOT range-parser@1.2.1 OK for: express@5.1.0 want: ^1.2.1
203 silly placeDep ROOT router@2.2.0 OK for: express@5.1.0 want: ^2.2.0
204 silly placeDep ROOT send@1.2.0 OK for: express@5.1.0 want: ^1.1.0
205 silly placeDep ROOT serve-static@2.2.0 OK for: express@5.1.0 want: ^2.2.0
206 silly placeDep ROOT statuses@2.0.2 OK for: express@5.1.0 want: ^2.0.1
207 silly placeDep ROOT type-is@2.0.1 OK for: express@5.1.0 want: ^2.0.1
208 silly placeDep ROOT vary@1.1.2 OK for: express@5.1.0 want: ^1.1.2
209 silly fetch manifest negotiator@^1.0.0
210 silly packumentCache full:https://registry.npmjs.org/negotiator cache-miss
211 silly fetch manifest bytes@^3.1.2
212 silly packumentCache full:https://registry.npmjs.org/bytes cache-miss
213 silly fetch manifest debug@^4.4.3
214 silly packumentCache full:https://registry.npmjs.org/debug cache-miss
215 silly fetch manifest iconv-lite@^0.7.0
216 silly packumentCache full:https://registry.npmjs.org/iconv-lite cache-miss
217 silly fetch manifest raw-body@^3.0.1
218 silly packumentCache full:https://registry.npmjs.org/raw-body cache-miss
219 silly fetch manifest ms@^2.1.3
220 silly packumentCache full:https://registry.npmjs.org/ms cache-miss
221 silly fetch manifest depd@~2.0.0
222 silly packumentCache full:https://registry.npmjs.org/depd cache-miss
223 http cache https://registry.npmjs.org/debug 19ms (cache hit)
224 silly packumentCache full:https://registry.npmjs.org/debug set size:195840 disposed:false
225 silly fetch manifest inherits@~2.0.4
226 silly packumentCache full:https://registry.npmjs.org/inherits cache-miss
227 http cache https://registry.npmjs.org/ms 20ms (cache hit)
228 silly packumentCache full:https://registry.npmjs.org/ms set size:92208 disposed:false
229 silly fetch manifest setprototypeof@~1.2.0
230 silly packumentCache full:https://registry.npmjs.org/setprototypeof cache-miss
231 http fetch GET 200 https://registry.npmjs.org/bytes 51ms (cache miss)
232 silly packumentCache full:https://registry.npmjs.org/bytes set size:undefined disposed:false
233 silly fetch manifest statuses@~2.0.2
234 silly packumentCache full:https://registry.npmjs.org/statuses cache-miss
235 http fetch GET 200 https://registry.npmjs.org/depd 49ms (cache miss)
236 silly packumentCache full:https://registry.npmjs.org/depd set size:undefined disposed:false
237 silly fetch manifest toidentifier@~1.0.1
238 silly packumentCache full:https://registry.npmjs.org/toidentifier cache-miss
239 http fetch GET 200 https://registry.npmjs.org/negotiator 56ms (cache miss)
240 silly packumentCache full:https://registry.npmjs.org/negotiator set size:undefined disposed:false
241 silly fetch manifest mime-db@^1.54.0
242 silly packumentCache full:https://registry.npmjs.org/mime-db cache-miss
243 http fetch GET 200 https://registry.npmjs.org/iconv-lite 70ms (cache miss)
244 silly packumentCache full:https://registry.npmjs.org/iconv-lite set size:undefined disposed:false
245 silly fetch manifest ee-first@1.1.1
246 silly packumentCache full:https://registry.npmjs.org/ee-first cache-miss
247 http fetch GET 200 https://registry.npmjs.org/raw-body 72ms (cache miss)
248 silly packumentCache full:https://registry.npmjs.org/raw-body set size:undefined disposed:false
249 silly fetch manifest wrappy@1
250 silly packumentCache full:https://registry.npmjs.org/wrappy cache-miss
251 http cache https://registry.npmjs.org/statuses 27ms (cache hit)
252 silly packumentCache full:https://registry.npmjs.org/statuses set size:37117 disposed:false
253 silly fetch manifest forwarded@0.2.0
254 silly packumentCache full:https://registry.npmjs.org/forwarded cache-miss
255 http fetch GET 200 https://registry.npmjs.org/inherits 59ms (cache miss)
256 silly packumentCache full:https://registry.npmjs.org/inherits set size:undefined disposed:false
257 silly fetch manifest ipaddr.js@1.9.1
258 silly packumentCache full:https://registry.npmjs.org/ipaddr.js cache-miss
259 http fetch GET 200 https://registry.npmjs.org/setprototypeof 63ms (cache miss)
260 silly packumentCache full:https://registry.npmjs.org/setprototypeof set size:undefined disposed:false
261 silly fetch manifest side-channel@^1.1.0
262 silly packumentCache full:https://registry.npmjs.org/side-channel cache-miss
263 http fetch GET 200 https://registry.npmjs.org/toidentifier 38ms (cache miss)
264 silly packumentCache full:https://registry.npmjs.org/toidentifier set size:undefined disposed:false
265 silly fetch manifest depd@^2.0.0
266 silly packumentCache full:https://registry.npmjs.org/depd cache-miss
267 http cache https://registry.npmjs.org/depd 8ms (cache hit)
268 silly packumentCache full:https://registry.npmjs.org/depd set size:40182 disposed:false
269 silly fetch manifest is-promise@^4.0.0
270 silly packumentCache full:https://registry.npmjs.org/is-promise cache-miss
271 http fetch GET 200 https://registry.npmjs.org/ee-first 49ms (cache miss)
272 silly packumentCache full:https://registry.npmjs.org/ee-first set size:undefined disposed:false
273 silly fetch manifest path-to-regexp@^8.0.0
274 silly packumentCache full:https://registry.npmjs.org/path-to-regexp cache-miss
275 http fetch GET 200 https://registry.npmjs.org/mime-db 65ms (cache miss)
276 silly packumentCache full:https://registry.npmjs.org/mime-db set size:undefined disposed:false
277 silly fetch manifest media-typer@^1.1.0
278 silly packumentCache full:https://registry.npmjs.org/media-typer cache-miss
279 http fetch GET 200 https://registry.npmjs.org/wrappy 54ms (cache miss)
280 silly packumentCache full:https://registry.npmjs.org/wrappy set size:undefined disposed:false
281 http fetch GET 200 https://registry.npmjs.org/forwarded 63ms (cache miss)
282 silly packumentCache full:https://registry.npmjs.org/forwarded set size:undefined disposed:false
283 http fetch GET 200 https://registry.npmjs.org/side-channel 58ms (cache miss)
284 silly packumentCache full:https://registry.npmjs.org/side-channel set size:undefined disposed:false
285 http fetch GET 200 https://registry.npmjs.org/is-promise 45ms (cache miss)
286 silly packumentCache full:https://registry.npmjs.org/is-promise set size:undefined disposed:false
287 http fetch GET 200 https://registry.npmjs.org/ipaddr.js 66ms (cache miss)
288 silly packumentCache full:https://registry.npmjs.org/ipaddr.js set size:undefined disposed:false
289 http fetch GET 200 https://registry.npmjs.org/media-typer 38ms (cache miss)
290 silly packumentCache full:https://registry.npmjs.org/media-typer set size:undefined disposed:false
291 http fetch GET 200 https://registry.npmjs.org/path-to-regexp 43ms (cache miss)
292 silly packumentCache full:https://registry.npmjs.org/path-to-regexp set size:undefined disposed:false
293 silly placeDep ROOT negotiator@1.0.0 OK for: accepts@2.0.0 want: ^1.0.0
294 silly placeDep ROOT bytes@3.1.2 OK for: body-parser@2.2.1 want: ^3.1.2
295 silly placeDep ROOT iconv-lite@0.7.0 OK for: body-parser@2.2.1 want: ^0.7.0
296 silly placeDep ROOT raw-body@3.0.2 OK for: body-parser@2.2.1 want: ^3.0.1
297 silly fetch manifest safer-buffer@>= 2.1.2 < 3.0.0
298 silly packumentCache full:https://registry.npmjs.org/safer-buffer cache-miss
299 silly fetch manifest unpipe@~1.0.0
300 silly packumentCache full:https://registry.npmjs.org/unpipe cache-miss
301 http fetch GET 200 https://registry.npmjs.org/safer-buffer 37ms (cache miss)
302 silly packumentCache full:https://registry.npmjs.org/safer-buffer set size:undefined disposed:false
303 http fetch GET 200 https://registry.npmjs.org/unpipe 41ms (cache miss)
304 silly packumentCache full:https://registry.npmjs.org/unpipe set size:undefined disposed:false
305 silly placeDep ROOT ms@2.1.3 OK for: debug@4.4.3 want: ^2.1.3
306 silly placeDep ROOT depd@2.0.0 OK for: http-errors@2.0.1 want: ~2.0.0
307 silly placeDep ROOT inherits@2.0.4 OK for: http-errors@2.0.1 want: ~2.0.4
308 silly placeDep ROOT setprototypeof@1.2.0 OK for: http-errors@2.0.1 want: ~1.2.0
309 silly placeDep ROOT toidentifier@1.0.1 OK for: http-errors@2.0.1 want: ~1.0.1
310 silly placeDep ROOT safer-buffer@2.1.2 OK for: iconv-lite@0.7.0 want: >= 2.1.2 < 3.0.0
311 silly placeDep ROOT jws@3.2.2 OK for: jsonwebtoken@9.0.2 want: ^3.2.2
312 silly placeDep ROOT lodash.includes@4.3.0 OK for: jsonwebtoken@9.0.2 want: ^4.3.0
313 silly placeDep ROOT lodash.isboolean@3.0.3 OK for: jsonwebtoken@9.0.2 want: ^3.0.3
314 silly placeDep ROOT lodash.isinteger@4.0.4 OK for: jsonwebtoken@9.0.2 want: ^4.0.4
315 silly placeDep ROOT lodash.isnumber@3.0.3 OK for: jsonwebtoken@9.0.2 want: ^3.0.3
316 silly placeDep ROOT lodash.isplainobject@4.0.6 OK for: jsonwebtoken@9.0.2 want: ^4.0.6
317 silly placeDep ROOT lodash.isstring@4.0.1 OK for: jsonwebtoken@9.0.2 want: ^4.0.1
318 silly placeDep ROOT lodash.once@4.1.1 OK for: jsonwebtoken@9.0.2 want: ^4.0.0
319 silly placeDep ROOT semver@7.7.3 OK for: jsonwebtoken@9.0.2 want: ^7.5.4
320 silly fetch manifest jwa@^1.4.1
321 silly packumentCache full:https://registry.npmjs.org/jwa cache-miss
322 silly fetch manifest safe-buffer@^5.0.1
323 silly packumentCache full:https://registry.npmjs.org/safe-buffer cache-miss
324 http fetch GET 200 https://registry.npmjs.org/jwa 33ms (cache miss)
325 silly packumentCache full:https://registry.npmjs.org/jwa set size:undefined disposed:false
326 http fetch GET 200 https://registry.npmjs.org/safe-buffer 34ms (cache miss)
327 silly packumentCache full:https://registry.npmjs.org/safe-buffer set size:undefined disposed:false
328 silly placeDep ROOT jwa@1.4.2 OK for: jws@3.2.2 want: ^1.4.1
329 silly placeDep ROOT safe-buffer@5.2.1 OK for: jws@3.2.2 want: ^5.0.1
330 silly fetch manifest ecdsa-sig-formatter@1.0.11
331 silly packumentCache full:https://registry.npmjs.org/ecdsa-sig-formatter cache-miss
332 silly fetch manifest buffer-equal-constant-time@^1.0.1
333 silly packumentCache full:https://registry.npmjs.org/buffer-equal-constant-time cache-miss
334 http fetch GET 200 https://registry.npmjs.org/ecdsa-sig-formatter 33ms (cache miss)
335 silly packumentCache full:https://registry.npmjs.org/ecdsa-sig-formatter set size:undefined disposed:false
336 http fetch GET 200 https://registry.npmjs.org/buffer-equal-constant-time 41ms (cache miss)
337 silly packumentCache full:https://registry.npmjs.org/buffer-equal-constant-time set size:undefined disposed:false
338 silly placeDep ROOT buffer-equal-constant-time@1.0.1 OK for: jwa@1.4.2 want: ^1.0.1
339 silly placeDep ROOT ecdsa-sig-formatter@1.0.11 OK for: jwa@1.4.2 want: 1.0.11
340 silly placeDep ROOT mime-db@1.54.0 OK for: mime-types@3.0.2 want: ^1.54.0
341 silly placeDep ROOT ee-first@1.1.1 OK for: on-finished@2.4.1 want: 1.1.1
342 silly placeDep ROOT wrappy@1.0.2 OK for: once@1.4.0 want: 1
343 silly placeDep ROOT forwarded@0.2.0 OK for: proxy-addr@2.0.7 want: 0.2.0
344 silly placeDep ROOT ipaddr.js@1.9.1 OK for: proxy-addr@2.0.7 want: 1.9.1
345 silly placeDep ROOT side-channel@1.1.0 OK for: qs@6.14.0 want: ^1.1.0
346 silly fetch manifest es-errors@^1.3.0
347 silly packumentCache full:https://registry.npmjs.org/es-errors cache-miss
348 silly fetch manifest object-inspect@^1.13.3
349 silly packumentCache full:https://registry.npmjs.org/object-inspect cache-miss
350 silly fetch manifest side-channel-list@^1.0.0
351 silly packumentCache full:https://registry.npmjs.org/side-channel-list cache-miss
352 silly fetch manifest side-channel-map@^1.0.1
353 silly packumentCache full:https://registry.npmjs.org/side-channel-map cache-miss
354 silly fetch manifest side-channel-weakmap@^1.0.2
355 silly packumentCache full:https://registry.npmjs.org/side-channel-weakmap cache-miss
356 http fetch GET 200 https://registry.npmjs.org/es-errors 39ms (cache miss)
357 silly packumentCache full:https://registry.npmjs.org/es-errors set size:undefined disposed:false
358 http fetch GET 200 https://registry.npmjs.org/side-channel-map 39ms (cache miss)
359 silly packumentCache full:https://registry.npmjs.org/side-channel-map set size:undefined disposed:false
360 http fetch GET 200 https://registry.npmjs.org/side-channel-weakmap 44ms (cache miss)
361 silly packumentCache full:https://registry.npmjs.org/side-channel-weakmap set size:undefined disposed:false
362 http fetch GET 200 https://registry.npmjs.org/side-channel-list 45ms (cache miss)
363 silly packumentCache full:https://registry.npmjs.org/side-channel-list set size:undefined disposed:false
364 http fetch GET 200 https://registry.npmjs.org/object-inspect 48ms (cache miss)
365 silly packumentCache full:https://registry.npmjs.org/object-inspect set size:undefined disposed:false
366 silly placeDep ROOT unpipe@1.0.0 OK for: raw-body@3.0.2 want: ~1.0.0
367 silly placeDep ROOT is-promise@4.0.0 OK for: router@2.2.0 want: ^4.0.0
368 silly placeDep ROOT path-to-regexp@8.3.0 OK for: router@2.2.0 want: ^8.0.0
369 silly placeDep ROOT es-errors@1.3.0 OK for: side-channel@1.1.0 want: ^1.3.0
370 silly placeDep ROOT object-inspect@1.13.4 OK for: side-channel@1.1.0 want: ^1.13.3
371 silly placeDep ROOT side-channel-list@1.0.0 OK for: side-channel@1.1.0 want: ^1.0.0
372 silly placeDep ROOT side-channel-map@1.0.1 OK for: side-channel@1.1.0 want: ^1.0.1
373 silly placeDep ROOT side-channel-weakmap@1.0.2 OK for: side-channel@1.1.0 want: ^1.0.2
374 silly fetch manifest call-bound@^1.0.2
375 silly packumentCache full:https://registry.npmjs.org/call-bound cache-miss
376 silly fetch manifest get-intrinsic@^1.2.5
377 silly packumentCache full:https://registry.npmjs.org/get-intrinsic cache-miss
378 silly fetch manifest call-bound@^1.0.2
379 silly packumentCache full:https://registry.npmjs.org/call-bound cache-miss
380 silly fetch manifest get-intrinsic@^1.2.5
381 silly packumentCache full:https://registry.npmjs.org/get-intrinsic cache-miss
382 http fetch GET 200 https://registry.npmjs.org/call-bound 31ms (cache miss)
383 silly packumentCache full:https://registry.npmjs.org/call-bound set size:undefined disposed:false
384 http fetch GET 200 https://registry.npmjs.org/get-intrinsic 32ms (cache miss)
385 silly packumentCache full:https://registry.npmjs.org/get-intrinsic set size:undefined disposed:false
386 http fetch GET 200 https://registry.npmjs.org/call-bound 35ms (cache miss)
387 silly packumentCache full:https://registry.npmjs.org/call-bound set size:undefined disposed:false
388 http fetch GET 200 https://registry.npmjs.org/get-intrinsic 46ms (cache miss)
389 silly packumentCache full:https://registry.npmjs.org/get-intrinsic set size:undefined disposed:false
390 silly placeDep ROOT call-bound@1.0.4 OK for: side-channel-map@1.0.1 want: ^1.0.2
391 silly placeDep ROOT get-intrinsic@1.3.0 OK for: side-channel-map@1.0.1 want: ^1.2.5
392 silly fetch manifest call-bind-apply-helpers@^1.0.2
393 silly packumentCache full:https://registry.npmjs.org/call-bind-apply-helpers cache-miss
394 silly fetch manifest get-intrinsic@^1.3.0
395 silly packumentCache full:https://registry.npmjs.org/get-intrinsic cache-miss
396 silly fetch manifest gopd@^1.2.0
397 silly packumentCache full:https://registry.npmjs.org/gopd cache-miss
398 silly fetch manifest hasown@^2.0.2
399 silly packumentCache full:https://registry.npmjs.org/hasown cache-miss
400 silly fetch manifest get-proto@^1.0.1
401 silly packumentCache full:https://registry.npmjs.org/get-proto cache-miss
402 silly fetch manifest has-symbols@^1.1.0
403 silly packumentCache full:https://registry.npmjs.org/has-symbols cache-miss
404 silly fetch manifest function-bind@^1.1.2
405 silly packumentCache full:https://registry.npmjs.org/function-bind cache-miss
406 http cache https://registry.npmjs.org/get-intrinsic 10ms (cache hit)
407 silly packumentCache full:https://registry.npmjs.org/get-intrinsic set size:60985 disposed:false
408 silly fetch manifest es-object-atoms@^1.1.1
409 silly packumentCache full:https://registry.npmjs.org/es-object-atoms cache-miss
410 http fetch GET 200 https://registry.npmjs.org/function-bind 36ms (cache miss)
411 silly packumentCache full:https://registry.npmjs.org/function-bind set size:undefined disposed:false
412 silly fetch manifest math-intrinsics@^1.1.0
413 silly packumentCache full:https://registry.npmjs.org/math-intrinsics cache-miss
414 http fetch GET 200 https://registry.npmjs.org/gopd 41ms (cache miss)
415 silly packumentCache full:https://registry.npmjs.org/gopd set size:undefined disposed:false
416 silly fetch manifest es-define-property@^1.0.1
417 silly packumentCache full:https://registry.npmjs.org/es-define-property cache-miss
418 http fetch GET 200 https://registry.npmjs.org/get-proto 41ms (cache miss)
419 silly packumentCache full:https://registry.npmjs.org/get-proto set size:undefined disposed:false
420 silly fetch manifest call-bind-apply-helpers@^1.0.2
421 silly packumentCache full:https://registry.npmjs.org/call-bind-apply-helpers cache-miss
422 http fetch GET 200 https://registry.npmjs.org/has-symbols 44ms (cache miss)
423 silly packumentCache full:https://registry.npmjs.org/has-symbols set size:undefined disposed:false
424 http fetch GET 200 https://registry.npmjs.org/hasown 45ms (cache miss)
425 silly packumentCache full:https://registry.npmjs.org/hasown set size:undefined disposed:false
426 http fetch GET 200 https://registry.npmjs.org/call-bind-apply-helpers 46ms (cache miss)
427 silly packumentCache full:https://registry.npmjs.org/call-bind-apply-helpers set size:undefined disposed:false
428 http fetch GET 200 https://registry.npmjs.org/es-object-atoms 37ms (cache miss)
429 silly packumentCache full:https://registry.npmjs.org/es-object-atoms set size:undefined disposed:false
430 http fetch GET 200 https://registry.npmjs.org/call-bind-apply-helpers 29ms (cache miss)
431 silly packumentCache full:https://registry.npmjs.org/call-bind-apply-helpers set size:undefined disposed:false
432 http fetch GET 200 https://registry.npmjs.org/es-define-property 32ms (cache miss)
433 silly packumentCache full:https://registry.npmjs.org/es-define-property set size:undefined disposed:false
434 http fetch GET 200 https://registry.npmjs.org/math-intrinsics 35ms (cache miss)
435 silly packumentCache full:https://registry.npmjs.org/math-intrinsics set size:undefined disposed:false
436 silly placeDep ROOT call-bind-apply-helpers@1.0.2 OK for: call-bound@1.0.4 want: ^1.0.2
437 silly placeDep ROOT function-bind@1.1.2 OK for: call-bind-apply-helpers@1.0.2 want: ^1.1.2
438 silly placeDep ROOT es-define-property@1.0.1 OK for: get-intrinsic@1.3.0 want: ^1.0.1
439 silly placeDep ROOT es-object-atoms@1.1.1 OK for: get-intrinsic@1.3.0 want: ^1.1.1
440 silly placeDep ROOT get-proto@1.0.1 OK for: get-intrinsic@1.3.0 want: ^1.0.1
441 silly placeDep ROOT gopd@1.2.0 OK for: get-intrinsic@1.3.0 want: ^1.2.0
442 silly placeDep ROOT has-symbols@1.1.0 OK for: get-intrinsic@1.3.0 want: ^1.1.0
443 silly placeDep ROOT hasown@2.0.2 OK for: get-intrinsic@1.3.0 want: ^2.0.2
444 silly placeDep ROOT math-intrinsics@1.1.0 OK for: get-intrinsic@1.3.0 want: ^1.1.0
445 silly fetch manifest dunder-proto@^1.0.1
446 silly packumentCache full:https://registry.npmjs.org/dunder-proto cache-miss
447 http fetch GET 200 https://registry.npmjs.org/dunder-proto 32ms (cache miss)
448 silly packumentCache full:https://registry.npmjs.org/dunder-proto set size:undefined disposed:false
449 silly placeDep ROOT dunder-proto@1.0.1 OK for: get-proto@1.0.1 want: ^1.0.1
450 silly placeDep ROOT media-typer@1.1.0 OK for: type-is@2.0.1 want: ^1.1.0
451 silly reify moves {}
452 silly audit bulk request {
452 silly audit   bcryptjs: [ '3.0.3' ],
452 silly audit   dotenv: [ '17.2.3' ],
452 silly audit   express: [ '5.1.0' ],
452 silly audit   jsonwebtoken: [ '9.0.2' ],
452 silly audit   accepts: [ '2.0.0' ],
452 silly audit   'body-parser': [ '2.2.1' ],
452 silly audit   'content-disposition': [ '1.0.1' ],
452 silly audit   'content-type': [ '1.0.5' ],
452 silly audit   cookie: [ '0.7.2' ],
452 silly audit   'cookie-signature': [ '1.2.2' ],
452 silly audit   debug: [ '4.4.3' ],
452 silly audit   encodeurl: [ '2.0.0' ],
452 silly audit   'escape-html': [ '1.0.3' ],
452 silly audit   etag: [ '1.8.1' ],
452 silly audit   finalhandler: [ '2.1.0' ],
452 silly audit   fresh: [ '2.0.0' ],
452 silly audit   'http-errors': [ '2.0.1' ],
452 silly audit   'merge-descriptors': [ '2.0.0' ],
452 silly audit   'mime-types': [ '3.0.2' ],
452 silly audit   'on-finished': [ '2.4.1' ],
452 silly audit   once: [ '1.4.0' ],
452 silly audit   parseurl: [ '1.3.3' ],
452 silly audit   'proxy-addr': [ '2.0.7' ],
452 silly audit   qs: [ '6.14.0' ],
452 silly audit   'range-parser': [ '1.2.1' ],
452 silly audit   router: [ '2.2.0' ],
452 silly audit   send: [ '1.2.0' ],
452 silly audit   'serve-static': [ '2.2.0' ],
452 silly audit   statuses: [ '2.0.2' ],
452 silly audit   'type-is': [ '2.0.1' ],
452 silly audit   vary: [ '1.1.2' ],
452 silly audit   negotiator: [ '1.0.0' ],
452 silly audit   bytes: [ '3.1.2' ],
452 silly audit   'iconv-lite': [ '0.7.0' ],
452 silly audit   'raw-body': [ '3.0.2' ],
452 silly audit   ms: [ '2.1.3' ],
452 silly audit   depd: [ '2.0.0' ],
452 silly audit   inherits: [ '2.0.4' ],
452 silly audit   setprototypeof: [ '1.2.0' ],
452 silly audit   toidentifier: [ '1.0.1' ],
452 silly audit   'safer-buffer': [ '2.1.2' ],
452 silly audit   jws: [ '3.2.2' ],
452 silly audit   'lodash.includes': [ '4.3.0' ],
452 silly audit   'lodash.isboolean': [ '3.0.3' ],
452 silly audit   'lodash.isinteger': [ '4.0.4' ],
452 silly audit   'lodash.isnumber': [ '3.0.3' ],
452 silly audit   'lodash.isplainobject': [ '4.0.6' ],
452 silly audit   'lodash.isstring': [ '4.0.1' ],
452 silly audit   'lodash.once': [ '4.1.1' ],
452 silly audit   semver: [ '7.7.3' ],
452 silly audit   jwa: [ '1.4.2' ],
452 silly audit   'safe-buffer': [ '5.2.1' ],
452 silly audit   'buffer-equal-constant-time': [ '1.0.1' ],
452 silly audit   'ecdsa-sig-formatter': [ '1.0.11' ],
452 silly audit   'mime-db': [ '1.54.0' ],
452 silly audit   'ee-first': [ '1.1.1' ],
452 silly audit   wrappy: [ '1.0.2' ],
452 silly audit   forwarded: [ '0.2.0' ],
452 silly audit   'ipaddr.js': [ '1.9.1' ],
452 silly audit   'side-channel': [ '1.1.0' ],
452 silly audit   unpipe: [ '1.0.0' ],
452 silly audit   'is-promise': [ '4.0.0' ],
452 silly audit   'path-to-regexp': [ '8.3.0' ],
452 silly audit   'es-errors': [ '1.3.0' ],
452 silly audit   'object-inspect': [ '1.13.4' ],
452 silly audit   'side-channel-list': [ '1.0.0' ],
452 silly audit   'side-channel-map': [ '1.0.1' ],
452 silly audit   'side-channel-weakmap': [ '1.0.2' ],
452 silly audit   'call-bound': [ '1.0.4' ],
452 silly audit   'get-intrinsic': [ '1.3.0' ],
452 silly audit   'call-bind-apply-helpers': [ '1.0.2' ],
452 silly audit   'function-bind': [ '1.1.2' ],
452 silly audit   'es-define-property': [ '1.0.1' ],
452 silly audit   'es-object-atoms': [ '1.1.1' ],
452 silly audit   'get-proto': [ '1.0.1' ],
452 silly audit   gopd: [ '1.2.0' ],
452 silly audit   'has-symbols': [ '1.1.0' ],
452 silly audit   hasown: [ '2.0.2' ],
452 silly audit   'math-intrinsics': [ '1.1.0' ],
452 silly audit   'dunder-proto': [ '1.0.1' ],
452 silly audit   'media-typer': [ '1.1.0' ]
452 silly audit }
453 http cache dunder-proto@https://registry.npmjs.org/dunder-proto/-/dunder-proto-1.0.1.tgz 0ms (cache hit)
454 http cache media-typer@https://registry.npmjs.org/media-typer/-/media-typer-1.1.0.tgz 0ms (cache hit)
455 http cache hasown@https://registry.npmjs.org/hasown/-/hasown-2.0.2.tgz 0ms (cache hit)
456 http cache math-intrinsics@https://registry.npmjs.org/math-intrinsics/-/math-intrinsics-1.1.0.tgz 0ms (cache hit)
457 http cache has-symbols@https://registry.npmjs.org/has-symbols/-/has-symbols-1.1.0.tgz 0ms (cache hit)
458 http cache gopd@https://registry.npmjs.org/gopd/-/gopd-1.2.0.tgz 0ms (cache hit)
459 http cache get-proto@https://registry.npmjs.org/get-proto/-/get-proto-1.0.1.tgz 0ms (cache hit)
460 http cache es-object-atoms@https://registry.npmjs.org/es-object-atoms/-/es-object-atoms-1.1.1.tgz 0ms (cache hit)
461 http cache es-define-property@https://registry.npmjs.org/es-define-property/-/es-define-property-1.0.1.tgz 0ms (cache hit)
462 http cache call-bind-apply-helpers@https://registry.npmjs.org/call-bind-apply-helpers/-/call-bind-apply-helpers-1.0.2.tgz 0ms (cache hit)
463 http cache get-intrinsic@https://registry.npmjs.org/get-intrinsic/-/get-intrinsic-1.3.0.tgz 0ms (cache hit)
464 http cache function-bind@https://registry.npmjs.org/function-bind/-/function-bind-1.1.2.tgz 0ms (cache hit)
465 http cache call-bound@https://registry.npmjs.org/call-bound/-/call-bound-1.0.4.tgz 0ms (cache hit)
466 http cache side-channel-map@https://registry.npmjs.org/side-channel-map/-/side-channel-map-1.0.1.tgz 0ms (cache hit)
467 http cache side-channel-weakmap@https://registry.npmjs.org/side-channel-weakmap/-/side-channel-weakmap-1.0.2.tgz 0ms (cache hit)
468 http cache side-channel-list@https://registry.npmjs.org/side-channel-list/-/side-channel-list-1.0.0.tgz 0ms (cache hit)
469 http cache object-inspect@https://registry.npmjs.org/object-inspect/-/object-inspect-1.13.4.tgz 0ms (cache hit)
470 http cache path-to-regexp@https://registry.npmjs.org/path-to-regexp/-/path-to-regexp-8.3.0.tgz 0ms (cache hit)
471 http cache is-promise@https://registry.npmjs.org/is-promise/-/is-promise-4.0.0.tgz 0ms (cache hit)
472 http cache unpipe@https://registry.npmjs.org/unpipe/-/unpipe-1.0.0.tgz 0ms (cache hit)
473 http cache es-errors@https://registry.npmjs.org/es-errors/-/es-errors-1.3.0.tgz 0ms (cache hit)
474 http cache side-channel@https://registry.npmjs.org/side-channel/-/side-channel-1.1.0.tgz 0ms (cache hit)
475 http cache ipaddr.js@https://registry.npmjs.org/ipaddr.js/-/ipaddr.js-1.9.1.tgz 0ms (cache hit)
476 http cache forwarded@https://registry.npmjs.org/forwarded/-/forwarded-0.2.0.tgz 0ms (cache hit)
477 http cache ee-first@https://registry.npmjs.org/ee-first/-/ee-first-1.1.1.tgz 0ms (cache hit)
478 http cache wrappy@https://registry.npmjs.org/wrappy/-/wrappy-1.0.2.tgz 0ms (cache hit)
479 http cache ecdsa-sig-formatter@https://registry.npmjs.org/ecdsa-sig-formatter/-/ecdsa-sig-formatter-1.0.11.tgz 0ms (cache hit)
480 http cache mime-db@https://registry.npmjs.org/mime-db/-/mime-db-1.54.0.tgz 0ms (cache hit)
481 http cache buffer-equal-constant-time@https://registry.npmjs.org/buffer-equal-constant-time/-/buffer-equal-constant-time-1.0.1.tgz 0ms (cache hit)
482 http cache jwa@https://registry.npmjs.org/jwa/-/jwa-1.4.2.tgz 0ms (cache hit)
483 http cache safe-buffer@https://registry.npmjs.org/safe-buffer/-/safe-buffer-5.2.1.tgz 0ms (cache hit)
484 http cache semver@https://registry.npmjs.org/semver/-/semver-7.7.3.tgz 0ms (cache hit)
485 http cache lodash.isstring@https://registry.npmjs.org/lodash.isstring/-/lodash.isstring-4.0.1.tgz 0ms (cache hit)
486 http cache lodash.isplainobject@https://registry.npmjs.org/lodash.isplainobject/-/lodash.isplainobject-4.0.6.tgz 0ms (cache hit)
487 http cache lodash.isnumber@https://registry.npmjs.org/lodash.isnumber/-/lodash.isnumber-3.0.3.tgz 1ms (cache hit)
488 http cache lodash.isboolean@https://registry.npmjs.org/lodash.isboolean/-/lodash.isboolean-3.0.3.tgz 0ms (cache hit)
489 http cache lodash.isinteger@https://registry.npmjs.org/lodash.isinteger/-/lodash.isinteger-4.0.4.tgz 0ms (cache hit)
490 http cache lodash.includes@https://registry.npmjs.org/lodash.includes/-/lodash.includes-4.3.0.tgz 0ms (cache hit)
491 http cache safer-buffer@https://registry.npmjs.org/safer-buffer/-/safer-buffer-2.1.2.tgz 0ms (cache hit)
492 http cache toidentifier@https://registry.npmjs.org/toidentifier/-/toidentifier-1.0.1.tgz 0ms (cache hit)
493 http cache jws@https://registry.npmjs.org/jws/-/jws-3.2.2.tgz 0ms (cache hit)
494 http cache setprototypeof@https://registry.npmjs.org/setprototypeof/-/setprototypeof-1.2.0.tgz 0ms (cache hit)
495 http cache inherits@https://registry.npmjs.org/inherits/-/inherits-2.0.4.tgz 0ms (cache hit)
496 http cache lodash.once@https://registry.npmjs.org/lodash.once/-/lodash.once-4.1.1.tgz 0ms (cache hit)
497 http cache ms@https://registry.npmjs.org/ms/-/ms-2.1.3.tgz 0ms (cache hit)
498 http cache raw-body@https://registry.npmjs.org/raw-body/-/raw-body-3.0.2.tgz 0ms (cache hit)
499 http cache depd@https://registry.npmjs.org/depd/-/depd-2.0.0.tgz 0ms (cache hit)
500 http cache bytes@https://registry.npmjs.org/bytes/-/bytes-3.1.2.tgz 0ms (cache hit)
501 http cache negotiator@https://registry.npmjs.org/negotiator/-/negotiator-1.0.0.tgz 0ms (cache hit)
502 http cache iconv-lite@https://registry.npmjs.org/iconv-lite/-/iconv-lite-0.7.0.tgz 0ms (cache hit)
503 http cache vary@https://registry.npmjs.org/vary/-/vary-1.1.2.tgz 0ms (cache hit)
504 http cache type-is@https://registry.npmjs.org/type-is/-/type-is-2.0.1.tgz 0ms (cache hit)
505 http cache send@https://registry.npmjs.org/send/-/send-1.2.0.tgz 0ms (cache hit)
506 http cache serve-static@https://registry.npmjs.org/serve-static/-/serve-static-2.2.0.tgz 0ms (cache hit)
507 http cache router@https://registry.npmjs.org/router/-/router-2.2.0.tgz 0ms (cache hit)
508 http cache range-parser@https://registry.npmjs.org/range-parser/-/range-parser-1.2.1.tgz 0ms (cache hit)
509 http cache qs@https://registry.npmjs.org/qs/-/qs-6.14.0.tgz 0ms (cache hit)
510 http cache parseurl@https://registry.npmjs.org/parseurl/-/parseurl-1.3.3.tgz 0ms (cache hit)
511 http cache proxy-addr@https://registry.npmjs.org/proxy-addr/-/proxy-addr-2.0.7.tgz 0ms (cache hit)
512 http cache mime-types@https://registry.npmjs.org/mime-types/-/mime-types-3.0.2.tgz 0ms (cache hit)
513 http cache once@https://registry.npmjs.org/once/-/once-1.4.0.tgz 0ms (cache hit)
514 http cache on-finished@https://registry.npmjs.org/on-finished/-/on-finished-2.4.1.tgz 0ms (cache hit)
515 http cache statuses@https://registry.npmjs.org/statuses/-/statuses-2.0.2.tgz 0ms (cache hit)
516 http cache merge-descriptors@https://registry.npmjs.org/merge-descriptors/-/merge-descriptors-2.0.0.tgz 0ms (cache hit)
517 http cache fresh@https://registry.npmjs.org/fresh/-/fresh-2.0.0.tgz 0ms (cache hit)
518 http cache http-errors@https://registry.npmjs.org/http-errors/-/http-errors-2.0.1.tgz 0ms (cache hit)
519 http cache escape-html@https://registry.npmjs.org/escape-html/-/escape-html-1.0.3.tgz 0ms (cache hit)
520 http cache finalhandler@https://registry.npmjs.org/finalhandler/-/finalhandler-2.1.0.tgz 0ms (cache hit)
521 http cache debug@https://registry.npmjs.org/debug/-/debug-4.4.3.tgz 0ms (cache hit)
522 http cache etag@https://registry.npmjs.org/etag/-/etag-1.8.1.tgz 0ms (cache hit)
523 http cache encodeurl@https://registry.npmjs.org/encodeurl/-/encodeurl-2.0.0.tgz 0ms (cache hit)
524 http cache cookie-signature@https://registry.npmjs.org/cookie-signature/-/cookie-signature-1.2.2.tgz 0ms (cache hit)
525 http cache cookie@https://registry.npmjs.org/cookie/-/cookie-0.7.2.tgz 0ms (cache hit)
526 http cache content-disposition@https://registry.npmjs.org/content-disposition/-/content-disposition-1.0.1.tgz 0ms (cache hit)
527 http cache accepts@https://registry.npmjs.org/accepts/-/accepts-2.0.0.tgz 0ms (cache hit)
528 http cache body-parser@https://registry.npmjs.org/body-parser/-/body-parser-2.2.1.tgz 0ms (cache hit)
529 http cache jsonwebtoken@https://registry.npmjs.org/jsonwebtoken/-/jsonwebtoken-9.0.2.tgz 0ms (cache hit)
530 http cache content-type@https://registry.npmjs.org/content-type/-/content-type-1.0.5.tgz 0ms (cache hit)
531 http cache express@https://registry.npmjs.org/express/-/express-5.1.0.tgz 0ms (cache hit)
532 http cache bcryptjs@https://registry.npmjs.org/bcryptjs/-/bcryptjs-3.0.3.tgz 0ms (cache hit)
533 http cache dotenv@https://registry.npmjs.org/dotenv/-/dotenv-17.2.3.tgz 0ms (cache hit)
534 silly tarball no local data for dunder-proto@https://registry.npmjs.org/dunder-proto/-/dunder-proto-1.0.1.tgz. Extracting by manifest.
535 silly tarball no local data for media-typer@https://registry.npmjs.org/media-typer/-/media-typer-1.1.0.tgz. Extracting by manifest.
536 silly tarball no local data for hasown@https://registry.npmjs.org/hasown/-/hasown-2.0.2.tgz. Extracting by manifest.
537 silly tarball no local data for math-intrinsics@https://registry.npmjs.org/math-intrinsics/-/math-intrinsics-1.1.0.tgz. Extracting by manifest.
538 silly tarball no local data for has-symbols@https://registry.npmjs.org/has-symbols/-/has-symbols-1.1.0.tgz. Extracting by manifest.
539 silly tarball no local data for gopd@https://registry.npmjs.org/gopd/-/gopd-1.2.0.tgz. Extracting by manifest.
540 silly tarball no local data for get-proto@https://registry.npmjs.org/get-proto/-/get-proto-1.0.1.tgz. Extracting by manifest.
541 silly tarball no local data for es-object-atoms@https://registry.npmjs.org/es-object-atoms/-/es-object-atoms-1.1.1.tgz. Extracting by manifest.
542 silly tarball no local data for es-define-property@https://registry.npmjs.org/es-define-property/-/es-define-property-1.0.1.tgz. Extracting by manifest.
543 silly tarball no local data for call-bind-apply-helpers@https://registry.npmjs.org/call-bind-apply-helpers/-/call-bind-apply-helpers-1.0.2.tgz. Extracting by manifest.
544 silly tarball no local data for get-intrinsic@https://registry.npmjs.org/get-intrinsic/-/get-intrinsic-1.3.0.tgz. Extracting by manifest.
545 silly tarball no local data for function-bind@https://registry.npmjs.org/function-bind/-/function-bind-1.1.2.tgz. Extracting by manifest.
546 silly tarball no local data for call-bound@https://registry.npmjs.org/call-bound/-/call-bound-1.0.4.tgz. Extracting by manifest.
547 silly tarball no local data for side-channel-map@https://registry.npmjs.org/side-channel-map/-/side-channel-map-1.0.1.tgz. Extracting by manifest.
548 silly tarball no local data for side-channel-weakmap@https://registry.npmjs.org/side-channel-weakmap/-/side-channel-weakmap-1.0.2.tgz. Extracting by manifest.
549 silly tarball no local data for side-channel-list@https://registry.npmjs.org/side-channel-list/-/side-channel-list-1.0.0.tgz. Extracting by manifest.
550 silly tarball no local data for object-inspect@https://registry.npmjs.org/object-inspect/-/object-inspect-1.13.4.tgz. Extracting by manifest.
551 silly tarball no local data for path-to-regexp@https://registry.npmjs.org/path-to-regexp/-/path-to-regexp-8.3.0.tgz. Extracting by manifest.
552 silly tarball no local data for is-promise@https://registry.npmjs.org/is-promise/-/is-promise-4.0.0.tgz. Extracting by manifest.
553 silly tarball no local data for unpipe@https://registry.npmjs.org/unpipe/-/unpipe-1.0.0.tgz. Extracting by manifest.
554 silly tarball no local data for es-errors@https://registry.npmjs.org/es-errors/-/es-errors-1.3.0.tgz. Extracting by manifest.
555 silly tarball no local data for side-channel@https://registry.npmjs.org/side-channel/-/side-channel-1.1.0.tgz. Extracting by manifest.
556 silly tarball no local data for ipaddr.js@https://registry.npmjs.org/ipaddr.js/-/ipaddr.js-1.9.1.tgz. Extracting by manifest.
557 silly tarball no local data for forwarded@https://registry.npmjs.org/forwarded/-/forwarded-0.2.0.tgz. Extracting by manifest.
558 silly tarball no local data for ee-first@https://registry.npmjs.org/ee-first/-/ee-first-1.1.1.tgz. Extracting by manifest.
559 silly tarball no local data for wrappy@https://registry.npmjs.org/wrappy/-/wrappy-1.0.2.tgz. Extracting by manifest.
560 silly tarball no local data for ecdsa-sig-formatter@https://registry.npmjs.org/ecdsa-sig-formatter/-/ecdsa-sig-formatter-1.0.11.tgz. Extracting by manifest.
561 silly tarball no local data for mime-db@https://registry.npmjs.org/mime-db/-/mime-db-1.54.0.tgz. Extracting by manifest.
562 silly tarball no local data for buffer-equal-constant-time@https://registry.npmjs.org/buffer-equal-constant-time/-/buffer-equal-constant-time-1.0.1.tgz. Extracting by manifest.
563 silly tarball no local data for jwa@https://registry.npmjs.org/jwa/-/jwa-1.4.2.tgz. Extracting by manifest.
564 silly tarball no local data for safe-buffer@https://registry.npmjs.org/safe-buffer/-/safe-buffer-5.2.1.tgz. Extracting by manifest.
565 silly tarball no local data for semver@https://registry.npmjs.org/semver/-/semver-7.7.3.tgz. Extracting by manifest.
566 silly tarball no local data for lodash.isstring@https://registry.npmjs.org/lodash.isstring/-/lodash.isstring-4.0.1.tgz. Extracting by manifest.
567 silly tarball no local data for lodash.isplainobject@https://registry.npmjs.org/lodash.isplainobject/-/lodash.isplainobject-4.0.6.tgz. Extracting by manifest.
568 silly tarball no local data for lodash.isnumber@https://registry.npmjs.org/lodash.isnumber/-/lodash.isnumber-3.0.3.tgz. Extracting by manifest.
569 silly tarball no local data for lodash.isboolean@https://registry.npmjs.org/lodash.isboolean/-/lodash.isboolean-3.0.3.tgz. Extracting by manifest.
570 silly tarball no local data for lodash.isinteger@https://registry.npmjs.org/lodash.isinteger/-/lodash.isinteger-4.0.4.tgz. Extracting by manifest.
571 silly tarball no local data for lodash.includes@https://registry.npmjs.org/lodash.includes/-/lodash.includes-4.3.0.tgz. Extracting by manifest.
572 silly tarball no local data for safer-buffer@https://registry.npmjs.org/safer-buffer/-/safer-buffer-2.1.2.tgz. Extracting by manifest.
573 silly tarball no local data for toidentifier@https://registry.npmjs.org/toidentifier/-/toidentifier-1.0.1.tgz. Extracting by manifest.
574 silly tarball no local data for jws@https://registry.npmjs.org/jws/-/jws-3.2.2.tgz. Extracting by manifest.
575 silly tarball no local data for setprototypeof@https://registry.npmjs.org/setprototypeof/-/setprototypeof-1.2.0.tgz. Extracting by manifest.
576 silly tarball no local data for inherits@https://registry.npmjs.org/inherits/-/inherits-2.0.4.tgz. Extracting by manifest.
577 silly tarball no local data for lodash.once@https://registry.npmjs.org/lodash.once/-/lodash.once-4.1.1.tgz. Extracting by manifest.
578 silly tarball no local data for ms@https://registry.npmjs.org/ms/-/ms-2.1.3.tgz. Extracting by manifest.
579 silly tarball no local data for raw-body@https://registry.npmjs.org/raw-body/-/raw-body-3.0.2.tgz. Extracting by manifest.
580 silly tarball no local data for depd@https://registry.npmjs.org/depd/-/depd-2.0.0.tgz. Extracting by manifest.
581 silly tarball no local data for bytes@https://registry.npmjs.org/bytes/-/bytes-3.1.2.tgz. Extracting by manifest.
582 silly tarball no local data for negotiator@https://registry.npmjs.org/negotiator/-/negotiator-1.0.0.tgz. Extracting by manifest.
583 silly tarball no local data for iconv-lite@https://registry.npmjs.org/iconv-lite/-/iconv-lite-0.7.0.tgz. Extracting by manifest.
584 silly tarball no local data for vary@https://registry.npmjs.org/vary/-/vary-1.1.2.tgz. Extracting by manifest.
585 silly tarball no local data for type-is@https://registry.npmjs.org/type-is/-/type-is-2.0.1.tgz. Extracting by manifest.
586 silly tarball no local data for send@https://registry.npmjs.org/send/-/send-1.2.0.tgz. Extracting by manifest.
587 silly tarball no local data for serve-static@https://registry.npmjs.org/serve-static/-/serve-static-2.2.0.tgz. Extracting by manifest.
588 silly tarball no local data for router@https://registry.npmjs.org/router/-/router-2.2.0.tgz. Extracting by manifest.
589 silly tarball no local data for range-parser@https://registry.npmjs.org/range-parser/-/range-parser-1.2.1.tgz. Extracting by manifest.
590 silly tarball no local data for qs@https://registry.npmjs.org/qs/-/qs-6.14.0.tgz. Extracting by manifest.
591 silly tarball no local data for parseurl@https://registry.npmjs.org/parseurl/-/parseurl-1.3.3.tgz. Extracting by manifest.
592 silly tarball no local data for proxy-addr@https://registry.npmjs.org/proxy-addr/-/proxy-addr-2.0.7.tgz. Extracting by manifest.
593 silly tarball no local data for mime-types@https://registry.npmjs.org/mime-types/-/mime-types-3.0.2.tgz. Extracting by manifest.
594 silly tarball no local data for once@https://registry.npmjs.org/once/-/once-1.4.0.tgz. Extracting by manifest.
595 silly tarball no local data for on-finished@https://registry.npmjs.org/on-finished/-/on-finished-2.4.1.tgz. Extracting by manifest.
596 silly tarball no local data for statuses@https://registry.npmjs.org/statuses/-/statuses-2.0.2.tgz. Extracting by manifest.
597 silly tarball no local data for merge-descriptors@https://registry.npmjs.org/merge-descriptors/-/merge-descriptors-2.0.0.tgz. Extracting by manifest.
598 silly tarball no local data for fresh@https://registry.npmjs.org/fresh/-/fresh-2.0.0.tgz. Extracting by manifest.
599 silly tarball no local data for http-errors@https://registry.npmjs.org/http-errors/-/http-errors-2.0.1.tgz. Extracting by manifest.
600 silly tarball no local data for escape-html@https://registry.npmjs.org/escape-html/-/escape-html-1.0.3.tgz. Extracting by manifest.
601 silly tarball no local data for finalhandler@https://registry.npmjs.org/finalhandler/-/finalhandler-2.1.0.tgz. Extracting by manifest.
602 silly tarball no local data for debug@https://registry.npmjs.org/debug/-/debug-4.4.3.tgz. Extracting by manifest.
603 silly tarball no local data for etag@https://registry.npmjs.org/etag/-/etag-1.8.1.tgz. Extracting by manifest.
604 silly tarball no local data for encodeurl@https://registry.npmjs.org/encodeurl/-/encodeurl-2.0.0.tgz. Extracting by manifest.
605 silly tarball no local data for cookie-signature@https://registry.npmjs.org/cookie-signature/-/cookie-signature-1.2.2.tgz. Extracting by manifest.
606 silly tarball no local data for cookie@https://registry.npmjs.org/cookie/-/cookie-0.7.2.tgz. Extracting by manifest.
607 silly tarball no local data for content-disposition@https://registry.npmjs.org/content-disposition/-/content-disposition-1.0.1.tgz. Extracting by manifest.
608 silly tarball no local data for accepts@https://registry.npmjs.org/accepts/-/accepts-2.0.0.tgz. Extracting by manifest.
609 silly tarball no local data for body-parser@https://registry.npmjs.org/body-parser/-/body-parser-2.2.1.tgz. Extracting by manifest.
610 silly tarball no local data for jsonwebtoken@https://registry.npmjs.org/jsonwebtoken/-/jsonwebtoken-9.0.2.tgz. Extracting by manifest.
611 silly tarball no local data for content-type@https://registry.npmjs.org/content-type/-/content-type-1.0.5.tgz. Extracting by manifest.
612 silly tarball no local data for express@https://registry.npmjs.org/express/-/express-5.1.0.tgz. Extracting by manifest.
613 silly tarball no local data for bcryptjs@https://registry.npmjs.org/bcryptjs/-/bcryptjs-3.0.3.tgz. Extracting by manifest.
614 silly tarball no local data for dotenv@https://registry.npmjs.org/dotenv/-/dotenv-17.2.3.tgz. Extracting by manifest.
615 http fetch POST 200 https://registry.npmjs.org/-/npm/v1/security/advisories/bulk 345ms
616 silly audit report {}
617 http fetch GET 200 https://registry.npmjs.org/media-typer/-/media-typer-1.1.0.tgz 527ms (cache miss)
618 http fetch GET 200 https://registry.npmjs.org/math-intrinsics/-/math-intrinsics-1.1.0.tgz 528ms (cache miss)
619 http fetch GET 200 https://registry.npmjs.org/dunder-proto/-/dunder-proto-1.0.1.tgz 554ms (cache miss)
620 http fetch GET 200 https://registry.npmjs.org/side-channel/-/side-channel-1.1.0.tgz 587ms (cache miss)
621 http fetch GET 200 https://registry.npmjs.org/hasown/-/hasown-2.0.2.tgz 611ms (cache miss)
622 http fetch GET 200 https://registry.npmjs.org/gopd/-/gopd-1.2.0.tgz 610ms (cache miss)
623 http fetch GET 200 https://registry.npmjs.org/side-channel-weakmap/-/side-channel-weakmap-1.0.2.tgz 607ms (cache miss)
624 http fetch GET 200 https://registry.npmjs.org/is-promise/-/is-promise-4.0.0.tgz 614ms (cache miss)
625 http fetch GET 200 https://registry.npmjs.org/path-to-regexp/-/path-to-regexp-8.3.0.tgz 615ms (cache miss)
626 http fetch GET 200 https://registry.npmjs.org/es-errors/-/es-errors-1.3.0.tgz 615ms (cache miss)
627 http fetch GET 200 https://registry.npmjs.org/unpipe/-/unpipe-1.0.0.tgz 617ms (cache miss)
628 http fetch GET 200 https://registry.npmjs.org/side-channel-list/-/side-channel-list-1.0.0.tgz 626ms (cache miss)
629 http fetch GET 200 https://registry.npmjs.org/forwarded/-/forwarded-0.2.0.tgz 625ms (cache miss)
630 http fetch GET 200 https://registry.npmjs.org/has-symbols/-/has-symbols-1.1.0.tgz 638ms (cache miss)
631 http fetch GET 200 https://registry.npmjs.org/ipaddr.js/-/ipaddr.js-1.9.1.tgz 639ms (cache miss)
632 http fetch GET 200 https://registry.npmjs.org/wrappy/-/wrappy-1.0.2.tgz 646ms (cache miss)
633 http fetch GET 200 https://registry.npmjs.org/ee-first/-/ee-first-1.1.1.tgz 646ms (cache miss)
634 http fetch GET 200 https://registry.npmjs.org/buffer-equal-constant-time/-/buffer-equal-constant-time-1.0.1.tgz 789ms (cache miss)
635 http fetch GET 200 https://registry.npmjs.org/lodash.isinteger/-/lodash.isinteger-4.0.4.tgz 788ms (cache miss)
636 http fetch GET 200 https://registry.npmjs.org/lodash.isboolean/-/lodash.isboolean-3.0.3.tgz 789ms (cache miss)
637 http fetch GET 200 https://registry.npmjs.org/es-define-property/-/es-define-property-1.0.1.tgz 806ms (cache miss)
638 http fetch GET 200 https://registry.npmjs.org/ecdsa-sig-formatter/-/ecdsa-sig-formatter-1.0.11.tgz 801ms (cache miss)
639 http fetch GET 200 https://registry.npmjs.org/safe-buffer/-/safe-buffer-5.2.1.tgz 802ms (cache miss)
640 http fetch GET 200 https://registry.npmjs.org/safer-buffer/-/safer-buffer-2.1.2.tgz 808ms (cache miss)
641 http fetch GET 200 https://registry.npmjs.org/toidentifier/-/toidentifier-1.0.1.tgz 808ms (cache miss)
642 http fetch GET 200 https://registry.npmjs.org/es-object-atoms/-/es-object-atoms-1.1.1.tgz 829ms (cache miss)
643 http fetch GET 200 https://registry.npmjs.org/jwa/-/jwa-1.4.2.tgz 824ms (cache miss)
644 http fetch GET 200 https://registry.npmjs.org/get-proto/-/get-proto-1.0.1.tgz 843ms (cache miss)
645 http fetch GET 200 https://registry.npmjs.org/jws/-/jws-3.2.2.tgz 831ms (cache miss)
646 http fetch GET 200 https://registry.npmjs.org/lodash.isplainobject/-/lodash.isplainobject-4.0.6.tgz 846ms (cache miss)
647 http fetch GET 200 https://registry.npmjs.org/setprototypeof/-/setprototypeof-1.2.0.tgz 859ms (cache miss)
648 http fetch GET 200 https://registry.npmjs.org/type-is/-/type-is-2.0.1.tgz 856ms (cache miss)
649 http fetch GET 200 https://registry.npmjs.org/send/-/send-1.2.0.tgz 856ms (cache miss)
650 http fetch GET 200 https://registry.npmjs.org/lodash.includes/-/lodash.includes-4.3.0.tgz 862ms (cache miss)
651 http fetch GET 200 https://registry.npmjs.org/router/-/router-2.2.0.tgz 859ms (cache miss)
652 http fetch GET 200 https://registry.npmjs.org/finalhandler/-/finalhandler-2.1.0.tgz 861ms (cache miss)
653 http fetch GET 200 https://registry.npmjs.org/mime-db/-/mime-db-1.54.0.tgz 873ms (cache miss)
654 http fetch GET 200 https://registry.npmjs.org/lodash.isstring/-/lodash.isstring-4.0.1.tgz 875ms (cache miss)
655 http fetch GET 200 https://registry.npmjs.org/raw-body/-/raw-body-3.0.2.tgz 872ms (cache miss)
656 http fetch GET 200 https://registry.npmjs.org/range-parser/-/range-parser-1.2.1.tgz 869ms (cache miss)
657 http fetch GET 200 https://registry.npmjs.org/once/-/once-1.4.0.tgz 868ms (cache miss)
658 http fetch GET 200 https://registry.npmjs.org/lodash.isnumber/-/lodash.isnumber-3.0.3.tgz 884ms (cache miss)
659 http fetch GET 200 https://registry.npmjs.org/inherits/-/inherits-2.0.4.tgz 882ms (cache miss)
660 http fetch GET 200 https://registry.npmjs.org/bytes/-/bytes-3.1.2.tgz 880ms (cache miss)
661 http fetch GET 200 https://registry.npmjs.org/lodash.once/-/lodash.once-4.1.1.tgz 882ms (cache miss)
662 http fetch GET 200 https://registry.npmjs.org/serve-static/-/serve-static-2.2.0.tgz 881ms (cache miss)
663 http fetch GET 200 https://registry.npmjs.org/merge-descriptors/-/merge-descriptors-2.0.0.tgz 878ms (cache miss)
664 http fetch GET 200 https://registry.npmjs.org/fresh/-/fresh-2.0.0.tgz 878ms (cache miss)
665 http fetch GET 200 https://registry.npmjs.org/ms/-/ms-2.1.3.tgz 888ms (cache miss)
666 http fetch GET 200 https://registry.npmjs.org/parseurl/-/parseurl-1.3.3.tgz 886ms (cache miss)
667 http fetch GET 200 https://registry.npmjs.org/encodeurl/-/encodeurl-2.0.0.tgz 882ms (cache miss)
668 http fetch GET 200 https://registry.npmjs.org/content-type/-/content-type-1.0.5.tgz 881ms (cache miss)
669 http fetch GET 200 https://registry.npmjs.org/on-finished/-/on-finished-2.4.1.tgz 888ms (cache miss)
670 http fetch GET 200 https://registry.npmjs.org/escape-html/-/escape-html-1.0.3.tgz 888ms (cache miss)
671 http fetch GET 200 https://registry.npmjs.org/content-disposition/-/content-disposition-1.0.1.tgz 886ms (cache miss)
672 http fetch GET 200 https://registry.npmjs.org/cookie/-/cookie-0.7.2.tgz 887ms (cache miss)
673 http fetch GET 200 https://registry.npmjs.org/side-channel-map/-/side-channel-map-1.0.1.tgz 907ms (cache miss)
674 http fetch GET 200 https://registry.npmjs.org/vary/-/vary-1.1.2.tgz 896ms (cache miss)
675 http fetch GET 200 https://registry.npmjs.org/etag/-/etag-1.8.1.tgz 892ms (cache miss)
676 http fetch GET 200 https://registry.npmjs.org/cookie-signature/-/cookie-signature-1.2.2.tgz 892ms (cache miss)
677 http fetch GET 200 https://registry.npmjs.org/statuses/-/statuses-2.0.2.tgz 895ms (cache miss)
678 http fetch GET 200 https://registry.npmjs.org/depd/-/depd-2.0.0.tgz 903ms (cache miss)
679 http fetch GET 200 https://registry.npmjs.org/proxy-addr/-/proxy-addr-2.0.7.tgz 902ms (cache miss)
680 http fetch GET 200 https://registry.npmjs.org/mime-types/-/mime-types-3.0.2.tgz 902ms (cache miss)
681 http fetch GET 200 https://registry.npmjs.org/accepts/-/accepts-2.0.0.tgz 899ms (cache miss)
682 http fetch GET 200 https://registry.npmjs.org/http-errors/-/http-errors-2.0.1.tgz 907ms (cache miss)
683 http fetch GET 200 https://registry.npmjs.org/call-bind-apply-helpers/-/call-bind-apply-helpers-1.0.2.tgz 930ms (cache miss)
684 http fetch GET 200 https://registry.npmjs.org/get-intrinsic/-/get-intrinsic-1.3.0.tgz 933ms (cache miss)
685 http fetch GET 200 https://registry.npmjs.org/function-bind/-/function-bind-1.1.2.tgz 934ms (cache miss)
686 http fetch GET 200 https://registry.npmjs.org/negotiator/-/negotiator-1.0.0.tgz 922ms (cache miss)
687 http fetch GET 200 https://registry.npmjs.org/call-bound/-/call-bound-1.0.4.tgz 934ms (cache miss)
688 http fetch GET 200 https://registry.npmjs.org/bcryptjs/-/bcryptjs-3.0.3.tgz 920ms (cache miss)
689 http fetch GET 200 https://registry.npmjs.org/express/-/express-5.1.0.tgz 923ms (cache miss)
690 http fetch GET 200 https://registry.npmjs.org/debug/-/debug-4.4.3.tgz 932ms (cache miss)
691 http fetch GET 200 https://registry.npmjs.org/body-parser/-/body-parser-2.2.1.tgz 933ms (cache miss)
692 http fetch GET 200 https://registry.npmjs.org/jsonwebtoken/-/jsonwebtoken-9.0.2.tgz 933ms (cache miss)
693 http fetch GET 200 https://registry.npmjs.org/object-inspect/-/object-inspect-1.13.4.tgz 955ms (cache miss)
694 http fetch GET 200 https://registry.npmjs.org/dotenv/-/dotenv-17.2.3.tgz 939ms (cache miss)
695 http fetch GET 200 https://registry.npmjs.org/qs/-/qs-6.14.0.tgz 965ms (cache miss)
696 http fetch GET 200 https://registry.npmjs.org/iconv-lite/-/iconv-lite-0.7.0.tgz 970ms (cache miss)
697 http fetch GET 200 https://registry.npmjs.org/semver/-/semver-7.7.3.tgz 977ms (cache miss)
698 silly ADD node_modules/media-typer
699 silly ADD node_modules/dunder-proto
700 silly ADD node_modules/math-intrinsics
701 silly ADD node_modules/hasown
702 silly ADD node_modules/has-symbols
703 silly ADD node_modules/gopd
704 silly ADD node_modules/get-proto
705 silly ADD node_modules/es-object-atoms
706 silly ADD node_modules/es-define-property
707 silly ADD node_modules/function-bind
708 silly ADD node_modules/call-bind-apply-helpers
709 silly ADD node_modules/get-intrinsic
710 silly ADD node_modules/call-bound
711 silly ADD node_modules/side-channel-weakmap
712 silly ADD node_modules/side-channel-map
713 silly ADD node_modules/side-channel-list
714 silly ADD node_modules/object-inspect
715 silly ADD node_modules/es-errors
716 silly ADD node_modules/path-to-regexp
717 silly ADD node_modules/is-promise
718 silly ADD node_modules/unpipe
719 silly ADD node_modules/side-channel
720 silly ADD node_modules/ipaddr.js
721 silly ADD node_modules/forwarded
722 silly ADD node_modules/wrappy
723 silly ADD node_modules/ee-first
724 silly ADD node_modules/mime-db
725 silly ADD node_modules/ecdsa-sig-formatter
726 silly ADD node_modules/buffer-equal-constant-time
727 silly ADD node_modules/safe-buffer
728 silly ADD node_modules/jwa
729 silly ADD node_modules/semver
730 silly ADD node_modules/lodash.once
731 silly ADD node_modules/lodash.isstring
732 silly ADD node_modules/lodash.isplainobject
733 silly ADD node_modules/lodash.isnumber
734 silly ADD node_modules/lodash.isinteger
735 silly ADD node_modules/lodash.isboolean
736 silly ADD node_modules/lodash.includes
737 silly ADD node_modules/jws
738 silly ADD node_modules/safer-buffer
739 silly ADD node_modules/toidentifier
740 silly ADD node_modules/setprototypeof
741 silly ADD node_modules/inherits
742 silly ADD node_modules/depd
743 silly ADD node_modules/ms
744 silly ADD node_modules/raw-body
745 silly ADD node_modules/iconv-lite
746 silly ADD node_modules/bytes
747 silly ADD node_modules/negotiator
748 silly ADD node_modules/vary
749 silly ADD node_modules/type-is
750 silly ADD node_modules/statuses
751 silly ADD node_modules/serve-static
752 silly ADD node_modules/send
753 silly ADD node_modules/router
754 silly ADD node_modules/range-parser
755 silly ADD node_modules/qs
756 silly ADD node_modules/proxy-addr
757 silly ADD node_modules/parseurl
758 silly ADD node_modules/once
759 silly ADD node_modules/on-finished
760 silly ADD node_modules/mime-types
761 silly ADD node_modules/merge-descriptors
762 silly ADD node_modules/http-errors
763 silly ADD node_modules/fresh
764 silly ADD node_modules/finalhandler
765 silly ADD node_modules/etag
766 silly ADD node_modules/escape-html
767 silly ADD node_modules/encodeurl
768 silly ADD node_modules/debug
769 silly ADD node_modules/cookie-signature
770 silly ADD node_modules/cookie
771 silly ADD node_modules/content-type
772 silly ADD node_modules/content-disposition
773 silly ADD node_modules/body-parser
774 silly ADD node_modules/accepts
775 silly ADD node_modules/jsonwebtoken
776 silly ADD node_modules/express
777 silly ADD node_modules/dotenv
778 silly ADD node_modules/bcryptjs
779 verbose cwd /Users/user/Desktop/auth-api
780 verbose os Darwin 24.6.0
781 verbose node v22.20.0
782 verbose npm  v10.9.3
783 verbose exit 0
784 info ok
